Couldn't scan: 'ctype.h'
Couldn't scan: 'tchar.h'
Couldn't scan: 'assert.h'
Couldn't scan: 'string'
Couldn't scan: 'algorithm'
Couldn't scan: 'stdarg.h'
Couldn't scan: 'stdio.h'
Couldn't scan: 'locale'
Couldn't scan: 'io.h'
Couldn't scan: 'errno.h'
Couldn't scan: 'sys/types.h'
Couldn't scan: 'vector'
Couldn't scan: 'list'
Couldn't scan: 'map'
Couldn't scan: 'functional'
Couldn't scan: 'time.h'
Couldn't scan: 'memory.h'
Couldn't scan: 'fcntl.h'
Couldn't scan: 'sys/stat.h'
Couldn't scan: 'sys/utime.h'
Couldn't scan: 'direct.h'
Couldn't scan: 'share.h'
