[\xharbour.com\xharbour-xbuild\xbuild.prg->MAIN] (744)
Type: C >>>M->__ValToPrg_Object := ERROR():New()
   M->__ValToPrg_Object:PROCNAME := "TMAKEOBJECT:REFRESH"
   M->__ValToPrg_Object:PROCLINE :=       1406
   M->__ValToPrg_Object:MODULENAME := "\xharbour.com\xharbour-xbuild\tproject.prg"
   M->__ValToPrg_Object:AASTACK := Array(5)
      M->__ValToPrg_Object:AASTACK[1] := Array(3)
         M->__ValToPrg_Object:AASTACK[1][1] := "\xharbour.com\xharbour-xbuild\tproject.prg"
         M->__ValToPrg_Object:AASTACK[1][2] := "TMAKEOBJECT:REFRESH"
         M->__ValToPrg_Object:AASTACK[1][3] :=       1406

      M->__ValToPrg_Object:AASTACK[2] := Array(3)
         M->__ValToPrg_Object:AASTACK[2][1] := "\xharbour.com\xharbour-xbuild\tproject.prg"
         M->__ValToPrg_Object:AASTACK[2][2] := "TMAKEOBJECT:CATCHUP"
         M->__ValToPrg_Object:AASTACK[2][3] :=        316

      M->__ValToPrg_Object:AASTACK[3] := Array(3)
         M->__ValToPrg_Object:AASTACK[3][1] := "\xharbour.com\xharbour-xbuild\tproject.prg"
         M->__ValToPrg_Object:AASTACK[3][2] := "TMAKEPROJECT:CATCHUP"
         M->__ValToPrg_Object:AASTACK[3][3] :=        249

      M->__ValToPrg_Object:AASTACK[4] := Array(3)
         M->__ValToPrg_Object:AASTACK[4][1] := "\xharbour.com\xharbour-xbuild\tproject.prg"
         M->__ValToPrg_Object:AASTACK[4][2] := "TMAKEPROJECT:MAKE"
         M->__ValToPrg_Object:AASTACK[4][3] :=       3274

      M->__ValToPrg_Object:AASTACK[5] := Array(3)
         M->__ValToPrg_Object:AASTACK[5][1] := "\xharbour.com\xharbour-xbuild\xbuild.prg"
         M->__ValToPrg_Object:AASTACK[5][2] := "MAIN"
         M->__ValToPrg_Object:AASTACK[5][3] :=        722


<<<

