
Type: C >>>bcc32.exe -o"\xbp\bc5\sql.lib\sqly.obj" -c -d -5 -6 -a8 -D__WIN32__ -DWIN32 -DPROTOTYPES  -v -DSQLRDD_TOPCONN -D_INTPTR_T_DEFINED  -I"C:\xHarbour.com\xHarbour-SQLRDD\source" -I"\xbp\bc5\sql.lib" -I"\xHb\Include" -I"\borland\bcc58\include" -I"C:\xHarbour\include" "\xbp\bc5\sql.lib\sqly.c"<<<

Borland C++ 5.82 for Win32 Copyright (c) 1993, 2005 Borland
\xbp\bc5\sql.lib\sqly.c:
Warning W8004 \\xbp\\bc5\\sql.lib\\sqly.c 1303: 'yymsg' is assigned a value that is never used in function yydestruct
Warning W8008 \\xbp\\bc5\\sql.lib\\sqly.c 1510: Condition is always false in function sql_yyparse
Warning W8066 \\xbp\\bc5\\sql.lib\\sqly.c 1511: Unreachable code in function sql_yyparse
Warning W8066 \\xbp\\bc5\\sql.lib\\sqly.c 1575: Unreachable code in function sql_yyparse
Warning W8066 \\xbp\\bc5\\sql.lib\\sqly.c 1586: Unreachable code in function sql_yyparse
Warning W8066 \\xbp\\bc5\\sql.lib\\sqly.c 1597: Unreachable code in function sql_yyparse
Warning W8066 \\xbp\\bc5\\sql.lib\\sqly.c 1608: Unreachable code in function sql_yyparse
Warning W8066 \\xbp\\bc5\\sql.lib\\sqly.c 1621: Unreachable code in function sql_yyparse
Warning W8008 \\xbp\\bc5\\sql.lib\\sqly.c 3063: Condition is always false in function sql_yyparse
Warning W8066 \\xbp\\bc5\\sql.lib\\sqly.c 3064: Unreachable code in function sql_yyparse
Warning W8004 \\xbp\\bc5\\sql.lib\\sqly.c 2992: 'sql_yynerrs' is assigned a value that is never used in function sql_yyparse
Warning W8004 \\xbp\\bc5\\sql.lib\\sqly.c 1444: 'yyptr' is assigned a value that is never used in function sql_yyparse
Warning W8004 \\xbp\\bc5\\sql.lib\\sqly.c 1360: 'yytoken' is assigned a value that is never used in function sql_yyparse

Type: C >>>bcc32.exe -o"\xbp\bc5\sql.lib\sqlodbc.obj" -c -d -5 -6 -a8 -D__WIN32__ -DWIN32 -DPROTOTYPES  -v -DSQLRDD_TOPCONN -D_INTPTR_T_DEFINED  -I"C:\xHarbour.com\xHarbour-SQLRDD\source" -I"\xbp\bc5\sql.lib" -I"\xHb\Include" -I"\borland\bcc58\include" -I"C:\xHarbour\include" "\xbp\bc5\sql.lib\sqlodbc.c"<<<

Borland C++ 5.82 for Win32 Copyright (c) 1993, 2005 Borland
\xbp\bc5\sql.lib\sqlodbc.c:

Type: C >>>bcc32.exe -o"\xbp\bc5\sql.lib\sqlconnection.obj" -c -d -5 -6 -a8 -D__WIN32__ -DWIN32 -DPROTOTYPES  -v -DSQLRDD_TOPCONN -D_INTPTR_T_DEFINED  -I"C:\xHarbour.com\xHarbour-SQLRDD\source" -I"\xbp\bc5\sql.lib" -I"\xHb\Include" -I"\borland\bcc58\include" -I"C:\xHarbour\include" "\xbp\bc5\sql.lib\sqlconnection.c"<<<

Borland C++ 5.82 for Win32 Copyright (c) 1993, 2005 Borland
\xbp\bc5\sql.lib\sqlconnection.c:

Type: C >>>bcc32.exe -o"\xbp\bc5\sql.lib\sqlrdd2.obj" -c -d -5 -6 -a8 -D__WIN32__ -DWIN32 -DPROTOTYPES  -v -DSQLRDD_TOPCONN -D_INTPTR_T_DEFINED  -I"C:\xHarbour.com\xHarbour-SQLRDD\source" -I"\xbp\bc5\sql.lib" -I"\xHb\Include" -I"\borland\bcc58\include" -I"C:\xHarbour\include" "\xbp\bc5\sql.lib\sqlrdd2.c"<<<

Borland C++ 5.82 for Win32 Copyright (c) 1993, 2005 Borland
\xbp\bc5\sql.lib\sqlrdd2.c:

Type: C >>>bcc32.exe -o"\xbp\bc5\sql.lib\sqlgen1.obj" -c -d -5 -6 -a8 -D__WIN32__ -DWIN32 -DPROTOTYPES  -v -DSQLRDD_TOPCONN -D_INTPTR_T_DEFINED  -I"C:\xHarbour.com\xHarbour-SQLRDD\source" -I"\xbp\bc5\sql.lib" -I"\xHb\Include" -I"\borland\bcc58\include" -I"C:\xHarbour\include" "\xbp\bc5\sql.lib\sqlgen1.c"<<<

Borland C++ 5.82 for Win32 Copyright (c) 1993, 2005 Borland
\xbp\bc5\sql.lib\sqlgen1.c:

Type: C >>>bcc32.exe -o"\xbp\bc5\sql.lib\utilslang.obj" -c -d -5 -6 -a8 -D__WIN32__ -DWIN32 -DPROTOTYPES  -v -DSQLRDD_TOPCONN -D_INTPTR_T_DEFINED  -I"C:\xHarbour.com\xHarbour-SQLRDD\source" -I"\xbp\bc5\sql.lib" -I"\xHb\Include" -I"\borland\bcc58\include" -I"C:\xHarbour\include" "\xbp\bc5\sql.lib\utilslang.c"<<<

Borland C++ 5.82 for Win32 Copyright (c) 1993, 2005 Borland
\xbp\bc5\sql.lib\utilslang.c:

Type: C >>>bcc32.exe -o"\xbp\bc5\sql.lib\sqlmy.obj" -c -d -5 -6 -a8 -D__WIN32__ -DWIN32 -DPROTOTYPES  -v -DSQLRDD_TOPCONN -D_INTPTR_T_DEFINED  -I"C:\xHarbour.com\xHarbour-SQLRDD\source" -I"\xbp\bc5\sql.lib" -I"\xHb\Include" -I"\borland\bcc58\include" -I"C:\xHarbour\include" "\xbp\bc5\sql.lib\sqlmy.c"<<<

Borland C++ 5.82 for Win32 Copyright (c) 1993, 2005 Borland
\xbp\bc5\sql.lib\sqlmy.c:

Type: C >>>bcc32.exe -o"\xbp\bc5\sql.lib\sqlpgs.obj" -c -d -5 -6 -a8 -D__WIN32__ -DWIN32 -DPROTOTYPES  -v -DSQLRDD_TOPCONN -D_INTPTR_T_DEFINED  -I"C:\xHarbour.com\xHarbour-SQLRDD\source" -I"\xbp\bc5\sql.lib" -I"\xHb\Include" -I"\borland\bcc58\include" -I"C:\xHarbour\include" "\xbp\bc5\sql.lib\sqlpgs.c"<<<

Borland C++ 5.82 for Win32 Copyright (c) 1993, 2005 Borland
\xbp\bc5\sql.lib\sqlpgs.c:

Type: C >>>bcc32.exe -o"\xbp\bc5\sql.lib\sqlfirebird.obj" -c -d -5 -6 -a8 -D__WIN32__ -DWIN32 -DPROTOTYPES  -v -DSQLRDD_TOPCONN -D_INTPTR_T_DEFINED  -I"C:\xHarbour.com\xHarbour-SQLRDD\source" -I"\xbp\bc5\sql.lib" -I"\xHb\Include" -I"\borland\bcc58\include" -I"C:\xHarbour\include" "\xbp\bc5\sql.lib\sqlfirebird.c"<<<

Borland C++ 5.82 for Win32 Copyright (c) 1993, 2005 Borland
\xbp\bc5\sql.lib\sqlfirebird.c:

Type: C >>>bcc32.exe -o"\xbp\bc5\sql.lib\sqloracle.obj" -c -d -5 -6 -a8 -D__WIN32__ -DWIN32 -DPROTOTYPES  -v -DSQLRDD_TOPCONN -D_INTPTR_T_DEFINED  -I"C:\xHarbour.com\xHarbour-SQLRDD\source" -I"\xbp\bc5\sql.lib" -I"\xHb\Include" -I"\borland\bcc58\include" -I"C:\xHarbour\include" "\xbp\bc5\sql.lib\sqloracle.c"<<<

Borland C++ 5.82 for Win32 Copyright (c) 1993, 2005 Borland
\xbp\bc5\sql.lib\sqloracle.c:

Type: C >>>bcc32.exe -o"\xbp\bc5\sql.lib\exprparser.obj" -c -d -5 -6 -a8 -D__WIN32__ -DWIN32 -DPROTOTYPES  -v -DSQLRDD_TOPCONN -D_INTPTR_T_DEFINED  -I"C:\xHarbour.com\xHarbour-SQLRDD\source" -I"\xbp\bc5\sql.lib" -I"\xHb\Include" -I"\borland\bcc58\include" -I"C:\xHarbour\include" "\xbp\bc5\sql.lib\exprparser.c"<<<

Borland C++ 5.82 for Win32 Copyright (c) 1993, 2005 Borland
\xbp\bc5\sql.lib\exprparser.c:

Type: C >>>bcc32.exe -o"\xbp\bc5\sql.lib\exprsimpl.obj" -c -d -5 -6 -a8 -D__WIN32__ -DWIN32 -DPROTOTYPES  -v -DSQLRDD_TOPCONN -D_INTPTR_T_DEFINED  -I"C:\xHarbour.com\xHarbour-SQLRDD\source" -I"\xbp\bc5\sql.lib" -I"\xHb\Include" -I"\borland\bcc58\include" -I"C:\xHarbour\include" "\xbp\bc5\sql.lib\exprsimpl.c"<<<

Borland C++ 5.82 for Win32 Copyright (c) 1993, 2005 Borland
\xbp\bc5\sql.lib\exprsimpl.c:

Type: C >>>bcc32.exe -o"\xbp\bc5\sql.lib\exprobjs.obj" -c -d -5 -6 -a8 -D__WIN32__ -DWIN32 -DPROTOTYPES  -v -DSQLRDD_TOPCONN -D_INTPTR_T_DEFINED  -I"C:\xHarbour.com\xHarbour-SQLRDD\source" -I"\xbp\bc5\sql.lib" -I"\xHb\Include" -I"\borland\bcc58\include" -I"C:\xHarbour\include" "\xbp\bc5\sql.lib\exprobjs.c"<<<

Borland C++ 5.82 for Win32 Copyright (c) 1993, 2005 Borland
\xbp\bc5\sql.lib\exprobjs.c:

Type: C >>>bcc32.exe -o"\xbp\bc5\sql.lib\exprrelation.obj" -c -d -5 -6 -a8 -D__WIN32__ -DWIN32 -DPROTOTYPES  -v -DSQLRDD_TOPCONN -D_INTPTR_T_DEFINED  -I"C:\xHarbour.com\xHarbour-SQLRDD\source" -I"\xbp\bc5\sql.lib" -I"\xHb\Include" -I"\borland\bcc58\include" -I"C:\xHarbour\include" "\xbp\bc5\sql.lib\exprrelation.c"<<<

Borland C++ 5.82 for Win32 Copyright (c) 1993, 2005 Borland
\xbp\bc5\sql.lib\exprrelation.c:

Type: C >>>bcc32.exe -o"\xbp\bc5\sql.lib\sqlnames.obj" -c -d -5 -6 -a8 -D__WIN32__ -DWIN32 -DPROTOTYPES  -v -DSQLRDD_TOPCONN -D_INTPTR_T_DEFINED  -I"C:\xHarbour.com\xHarbour-SQLRDD\source" -I"\xbp\bc5\sql.lib" -I"\xHb\Include" -I"\borland\bcc58\include" -I"C:\xHarbour\include" "\xbp\bc5\sql.lib\sqlnames.c"<<<

Borland C++ 5.82 for Win32 Copyright (c) 1993, 2005 Borland
\xbp\bc5\sql.lib\sqlnames.c:

Type: C >>>bcc32.exe -o"\xbp\bc5\sql.lib\sqlmaria.obj" -c -d -5 -6 -a8 -D__WIN32__ -DWIN32 -DPROTOTYPES  -v -DSQLRDD_TOPCONN -D_INTPTR_T_DEFINED  -I"C:\xHarbour.com\xHarbour-SQLRDD\source" -I"\xbp\bc5\sql.lib" -I"\xHb\Include" -I"\borland\bcc58\include" -I"C:\xHarbour\include" "\xbp\bc5\sql.lib\sqlmaria.c"<<<

Borland C++ 5.82 for Win32 Copyright (c) 1993, 2005 Borland
\xbp\bc5\sql.lib\sqlmaria.c:

Type: C >>>bcc32.exe -o"\xbp\bc5\sql.lib\sqloracle2.obj" -c -d -5 -6 -a8 -D__WIN32__ -DWIN32 -DPROTOTYPES  -v -DSQLRDD_TOPCONN -D_INTPTR_T_DEFINED  -I"C:\xHarbour.com\xHarbour-SQLRDD\source" -I"\xbp\bc5\sql.lib" -I"\xHb\Include" -I"\borland\bcc58\include" -I"C:\xHarbour\include" "\xbp\bc5\sql.lib\sqloracle2.c"<<<

Borland C++ 5.82 for Win32 Copyright (c) 1993, 2005 Borland
\xbp\bc5\sql.lib\sqloracle2.c:

Type: C >>>tlib.exe   "\xhb\lib\bcc\sql.lib" +"\xbp\bc5\sql.lib\sqly.obj" +"\xbp\bc5\sql.lib\sqlodbc.obj" +"\xbp\bc5\sql.lib\sqlconnection.obj" +"\xbp\bc5\sql.lib\sqlrdd0.obj" +"\xbp\bc5\sql.lib\sqlrdd2.obj" +"\xbp\bc5\sql.lib\utils.obj" +"\xbp\bc5\sql.lib\sqlgen1.obj" +"\xbp\bc5\sql.lib\utilslang.obj" +"\xbp\bc5\sql.lib\sqlmy.obj" +"\xbp\bc5\sql.lib\sqlpgs.obj" +"\xbp\bc5\sql.lib\sqlfirebird.obj" +"\xbp\bc5\sql.lib\sqloracle.obj" +"\xbp\bc5\sql.lib\exprtransl.obj" +"\xbp\bc5\sql.lib\exprparser.obj" +"\xbp\bc5\sql.lib\exprsimpl.obj" +"\xbp\bc5\sql.lib\exprobjs.obj" +"\xbp\bc5\sql.lib\exprrelation.obj" +"\xbp\bc5\sql.lib\exprudf.obj" +"\xbp\bc5\sql.lib\sqlact.obj" +"\xbp\bc5\sql.lib\firebird.obj" +"\xbp\bc5\sql.lib\sqllex.obj" +"\xbp\bc5\sql.lib\mysql.obj" +"\xbp\bc5\sql.lib\pgs.obj" +"\xbp\bc5\sql.lib\sqlsrodbc.obj" +"\xbp\bc5\sql.lib\sqlrdd1.obj" +"\xbp\bc5\sql.lib\sqlora.obj" +"\xbp\bc5\sql.lib\sqlorax.obj" +"\xbp\bc5\sql.lib\sqlnames.obj" +"\xbp\bc5\sql.lib\sqlex1.obj" +"\xbp\bc5\sql.lib\sqlex2.obj" +"\xbp\bc5\sql.lib\sqlex3.obj" +"\xbp\bc5\sql.lib\sqlmaria.obj" +"\xbp\bc5\sql.lib\sqlora2.obj" +"\xbp\bc5\sql.lib\sqloracle2.obj" <<<

TLIB 4.5 Copyright (c) 1987, 1998 Borland International
Warning: library was too large for page size, rebuilt with page size 64
